This file contains any messages produced by compilers while
running configure, to aid debugging if configure makes a mistake.

It was created by stx-btree configure 0.9, which was
generated by GNU Autoconf 2.69.  Invocation command line was

  $ ./configure 

## --------- ##
## Platform. ##
## --------- ##

hostname = labserver0
uname -m = x86_64
uname -r = 5.4.0-89-generic
uname -s = Linux
uname -v = #100~18.04.1-Ubuntu SMP Wed Sep 29 10:59:42 UTC 2021

/usr/bin/uname -p = x86_64
/bin/uname -X     = unknown

/bin/arch              = x86_64
/usr/bin/arch -k       = unknown
/usr/convex/getsysinfo = unknown
/usr/bin/hostinfo      = unknown
/bin/machine           = unknown
/usr/bin/oslevel       = unknown
/bin/universe          = unknown

PATH: /root/.vscode-server/bin/ccbaa2d27e38e5afa3e5c21c1c7bef4657064247/bin
PATH: /root/.vscode-server/bin/ccbaa2d27e38e5afa3e5c21c1c7bef4657064247/bin
PATH: /root/.cargo/bin
PATH: /usr/local/sbin
PATH: /usr/local/bin
PATH: /usr/sbin
PATH: /usr/bin
PATH: /sbin
PATH: /bin
PATH: /usr/games
PATH: /usr/local/games
PATH: /snap/bin
PATH: /usr/local/src/jdk/jdk1.8/bin


## ----------- ##
## Core tests. ##
## ----------- ##

configure:2119: checking build system type
configure:2133: result: x86_64-unknown-linux-gnu
configure:2153: checking host system type
configure:2166: result: x86_64-unknown-linux-gnu
configure:2203: checking for a BSD-compatible install
configure:2271: result: /usr/bin/install -c
configure:2282: checking whether build environment is sane
configure:2332: result: yes
configure:2473: checking for a thread-safe mkdir -p
configure:2512: result: /usr/bin/mkdir -p
configure:2525: checking for gawk
configure:2555: result: no
configure:2525: checking for mawk
configure:2541: found /usr/bin/mawk
configure:2552: result: mawk
configure:2563: checking whether make sets $(MAKE)
configure:2585: result: yes
configure:2666: checking whether to enable maintainer-specific portions of Makefiles
configure:2675: result: no
configure:2757: checking for g++
configure:2773: found /usr/bin/g++
configure:2784: result: g++
configure:2811: checking for C++ compiler version
configure:2820: g++ --version >&5
g++ (Ubuntu 9.3.0-17ubuntu1~20.04) 9.3.0
Copyright (C) 2019 Free Software Foundation, Inc.
This is free software; see the source for copying conditions.  There is NO
warranty; not even for MERCHANTABILITY or FITNESS FOR A PARTICULAR PURPOSE.

configure:2831: $? = 0
configure:2820: g++ -v >&5
Using built-in specs.
COLLECT_GCC=g++
COLLECT_LTO_WRAPPER=/usr/lib/gcc/x86_64-linux-gnu/9/lto-wrapper
OFFLOAD_TARGET_NAMES=nvptx-none:hsa
OFFLOAD_TARGET_DEFAULT=1
Target: x86_64-linux-gnu
Configured with: ../src/configure -v --with-pkgversion='Ubuntu 9.3.0-17ubuntu1~20.04' --with-bugurl=file:///usr/share/doc/gcc-9/README.Bugs --enable-languages=c,ada,c++,go,brig,d,fortran,objc,obj-c++,gm2 --prefix=/usr --with-gcc-major-version-only --program-suffix=-9 --program-prefix=x86_64-linux-gnu- --enable-shared --enable-linker-build-id --libexecdir=/usr/lib --without-included-gettext --enable-threads=posix --libdir=/usr/lib --enable-nls --enable-clocale=gnu --enable-libstdcxx-debug --enable-libstdcxx-time=yes --with-default-libstdcxx-abi=new --enable-gnu-unique-object --disable-vtable-verify --enable-plugin --enable-default-pie --with-system-zlib --with-target-system-zlib=auto --enable-objc-gc=auto --enable-multiarch --disable-werror --with-arch-32=i686 --with-abi=m64 --with-multilib-list=m32,m64,mx32 --enable-multilib --with-tune=generic --enable-offload-targets=nvptx-none=/build/gcc-9-HskZEa/gcc-9-9.3.0/debian/tmp-nvptx/usr,hsa --without-cuda-driver --enable-checking=release --build=x86_64-linux-gnu --host=x86_64-linux-gnu --target=x86_64-linux-gnu
Thread model: posix
gcc version 9.3.0 (Ubuntu 9.3.0-17ubuntu1~20.04) 
configure:2831: $? = 0
configure:2820: g++ -V >&5
g++: error: unrecognized command line option '-V'
g++: fatal error: no input files
compilation terminated.
configure:2831: $? = 1
configure:2820: g++ -qversion >&5
g++: error: unrecognized command line option '-qversion'; did you mean '--version'?
g++: fatal error: no input files
compilation terminated.
configure:2831: $? = 1
configure:2851: checking whether the C++ compiler works
configure:2873: g++ -g   conftest.cpp  >&5
configure:2877: $? = 0
configure:2925: result: yes
configure:2928: checking for C++ compiler default output file name
configure:2930: result: a.out
configure:2936: checking for suffix of executables
configure:2943: g++ -o conftest -g   conftest.cpp  >&5
configure:2947: $? = 0
configure:2969: result: 
configure:2991: checking whether we are cross compiling
configure:2999: g++ -o conftest -g   conftest.cpp  >&5
configure:3003: $? = 0
configure:3010: ./conftest
configure:3014: $? = 0
configure:3002: result: no
configure:3007: checking for suffix of object files
configure:3029: g++ -c -g  conftest.cpp >&5
configure:3033: $? = 0
configure:3054: result: o
configure:3058: checking whether we are using the GNU C++ compiler
configure:3077: g++ -c -g  conftest.cpp >&5
configure:3077: $? = 0
configure:3086: result: yes
configure:3095: checking whether g++ accepts -g
configure:3115: g++ -c -g  conftest.cpp >&5
configure:3115: $? = 0
configure:3156: result: yes
configure:3190: checking for style of include used by make
configure:3218: result: GNU
configure:3244: checking dependency style of g++
configure:3355: result: gcc3
configure:3418: checking for gcc
configure:3434: found /usr/bin/gcc
configure:3445: result: gcc
configure:3674: checking for C compiler version
configure:3683: gcc --version >&5
gcc (Ubuntu 9.3.0-17ubuntu1~20.04) 9.3.0
Copyright (C) 2019 Free Software Foundation, Inc.
This is free software; see the source for copying conditions.  There is NO
warranty; not even for MERCHANTABILITY or FITNESS FOR A PARTICULAR PURPOSE.

configure:3694: $? = 0
configure:3683: gcc -v >&5
Using built-in specs.
COLLECT_GCC=gcc
COLLECT_LTO_WRAPPER=/usr/lib/gcc/x86_64-linux-gnu/9/lto-wrapper
OFFLOAD_TARGET_NAMES=nvptx-none:hsa
OFFLOAD_TARGET_DEFAULT=1
Target: x86_64-linux-gnu
Configured with: ../src/configure -v --with-pkgversion='Ubuntu 9.3.0-17ubuntu1~20.04' --with-bugurl=file:///usr/share/doc/gcc-9/README.Bugs --enable-languages=c,ada,c++,go,brig,d,fortran,objc,obj-c++,gm2 --prefix=/usr --with-gcc-major-version-only --program-suffix=-9 --program-prefix=x86_64-linux-gnu- --enable-shared --enable-linker-build-id --libexecdir=/usr/lib --without-included-gettext --enable-threads=posix --libdir=/usr/lib --enable-nls --enable-clocale=gnu --enable-libstdcxx-debug --enable-libstdcxx-time=yes --with-default-libstdcxx-abi=new --enable-gnu-unique-object --disable-vtable-verify --enable-plugin --enable-default-pie --with-system-zlib --with-target-system-zlib=auto --enable-objc-gc=auto --enable-multiarch --disable-werror --with-arch-32=i686 --with-abi=m64 --with-multilib-list=m32,m64,mx32 --enable-multilib --with-tune=generic --enable-offload-targets=nvptx-none=/build/gcc-9-HskZEa/gcc-9-9.3.0/debian/tmp-nvptx/usr,hsa --without-cuda-driver --enable-checking=release --build=x86_64-linux-gnu --host=x86_64-linux-gnu --target=x86_64-linux-gnu
Thread model: posix
gcc version 9.3.0 (Ubuntu 9.3.0-17ubuntu1~20.04) 
configure:3694: $? = 0
configure:3683: gcc -V >&5
gcc: error: unrecognized command line option '-V'
gcc: fatal error: no input files
compilation terminated.
configure:3694: $? = 1
configure:3683: gcc -qversion >&5
gcc: error: unrecognized command line option '-qversion'; did you mean '--version'?
gcc: fatal error: no input files
compilation terminated.
configure:3694: $? = 1
configure:3698: checking whether we are using the GNU C compiler
configure:3717: gcc -c -g  conftest.c >&5
configure:3717: $? = 0
configure:3726: result: yes
configure:3735: checking whether gcc accepts -g
configure:3755: gcc -c -g  conftest.c >&5
configure:3755: $? = 0
configure:3796: result: yes
configure:3813: checking for gcc option to accept ISO C89
configure:3876: gcc  -c -g  conftest.c >&5
configure:3876: $? = 0
configure:3889: result: none needed
configure:3911: checking dependency style of gcc
configure:4022: result: gcc3
configure:4099: checking how to run the C++ preprocessor
configure:4126: g++ -E  conftest.cpp
configure:4126: $? = 0
configure:4140: g++ -E  conftest.cpp
conftest.cpp:11:10: fatal error: ac_nonexistent.h: No such file or directory
   11 | #include <ac_nonexistent.h>
      |          ^~~~~~~~~~~~~~~~~~
compilation terminated.
configure:4140: $? = 1
configure: failed program was:
| /* confdefs.h */
| #define PACKAGE_NAME "stx-btree"
| #define PACKAGE_TARNAME "stx-btree"
| #define PACKAGE_VERSION "0.9"
| #define PACKAGE_STRING "stx-btree 0.9"
| #define PACKAGE_BUGREPORT ""
| #define PACKAGE_URL ""
| #define PACKAGE "stx-btree"
| #define VERSION "0.9"
| /* end confdefs.h.  */
| #include <ac_nonexistent.h>
configure:4165: result: g++ -E
configure:4185: g++ -E  conftest.cpp
configure:4185: $? = 0
configure:4199: g++ -E  conftest.cpp
conftest.cpp:11:10: fatal error: ac_nonexistent.h: No such file or directory
   11 | #include <ac_nonexistent.h>
      |          ^~~~~~~~~~~~~~~~~~
compilation terminated.
configure:4199: $? = 1
configure: failed program was:
| /* confdefs.h */
| #define PACKAGE_NAME "stx-btree"
| #define PACKAGE_TARNAME "stx-btree"
| #define PACKAGE_VERSION "0.9"
| #define PACKAGE_STRING "stx-btree 0.9"
| #define PACKAGE_BUGREPORT ""
| #define PACKAGE_URL ""
| #define PACKAGE "stx-btree"
| #define VERSION "0.9"
| /* end confdefs.h.  */
| #include <ac_nonexistent.h>
configure:4228: checking for grep that handles long lines and -e
configure:4286: result: /usr/bin/grep
configure:4291: checking for egrep
configure:4353: result: /usr/bin/grep -E
configure:4358: checking for ANSI C header files
configure:4378: g++ -c -g  conftest.cpp >&5
configure:4378: $? = 0
configure:4451: g++ -o conftest -g   conftest.cpp  >&5
configure:4451: $? = 0
configure:4451: ./conftest
configure:4451: $? = 0
configure:4462: result: yes
configure:4477: checking for sys/types.h
configure:4477: g++ -c -g  conftest.cpp >&5
configure:4477: $? = 0
configure:4477: result: yes
configure:4477: checking for sys/stat.h
configure:4477: g++ -c -g  conftest.cpp >&5
configure:4477: $? = 0
configure:4477: result: yes
configure:4477: checking for stdlib.h
configure:4477: g++ -c -g  conftest.cpp >&5
configure:4477: $? = 0
configure:4477: result: yes
configure:4477: checking for string.h
configure:4477: g++ -c -g  conftest.cpp >&5
configure:4477: $? = 0
configure:4477: result: yes
configure:4477: checking for memory.h
configure:4477: g++ -c -g  conftest.cpp >&5
configure:4477: $? = 0
configure:4477: result: yes
configure:4477: checking for strings.h
configure:4477: g++ -c -g  conftest.cpp >&5
configure:4477: $? = 0
configure:4477: result: yes
configure:4477: checking for inttypes.h
configure:4477: g++ -c -g  conftest.cpp >&5
configure:4477: $? = 0
configure:4477: result: yes
configure:4477: checking for stdint.h
configure:4477: g++ -c -g  conftest.cpp >&5
configure:4477: $? = 0
configure:4477: result: yes
configure:4477: checking for unistd.h
configure:4477: g++ -c -g  conftest.cpp >&5
configure:4477: $? = 0
configure:4477: result: yes
configure:4489: checking for stdbool.h that conforms to C99
configure:4556: g++ -c -g  conftest.cpp >&5
conftest.cpp:24:15: error: expected unqualified-id before string constant
   24 |               "error: bool is not defined"
      |               ^~~~~~~~~~~~~~~~~~~~~~~~~~~~
conftest.cpp:42:48: error: 's' does not name a type
   42 |              struct s { _Bool s: 1; _Bool t; } s;
      |                                                ^
conftest.cpp:52:28: error: 's' was not declared in this scope
   52 |              char i[sizeof s.t];
      |                            ^
conftest.cpp: In function 'int main()':
conftest.cpp:70:24: error: 's' was not declared in this scope
   70 |              bool e = &s;
      |                        ^
conftest.cpp:74:63: error: 'i' was not declared in this scope
   74 |              return (!a + !b + !c + !d + !e + !f + !g + !h + !i + !!j + !k + !!l
      |                                                               ^
configure:4556: $? = 1
configure: failed program was:
| /* confdefs.h */
| #define PACKAGE_NAME "stx-btree"
| #define PACKAGE_TARNAME "stx-btree"
| #define PACKAGE_VERSION "0.9"
| #define PACKAGE_STRING "stx-btree 0.9"
| #define PACKAGE_BUGREPORT ""
| #define PACKAGE_URL ""
| #define PACKAGE "stx-btree"
| #define VERSION "0.9"
| #define STDC_HEADERS 1
| #define HAVE_SYS_TYPES_H 1
| #define HAVE_SYS_STAT_H 1
| #define HAVE_STDLIB_H 1
| #define HAVE_STRING_H 1
| #define HAVE_MEMORY_H 1
| #define HAVE_STRINGS_H 1
| #define HAVE_INTTYPES_H 1
| #define HAVE_STDINT_H 1
| #define HAVE_UNISTD_H 1
| /* end confdefs.h.  */
| 
|              #include <stdbool.h>
|              #ifndef bool
|               "error: bool is not defined"
|              #endif
|              #ifndef false
|               "error: false is not defined"
|              #endif
|              #if false
|               "error: false is not 0"
|              #endif
|              #ifndef true
|               "error: true is not defined"
|              #endif
|              #if true != 1
|               "error: true is not 1"
|              #endif
|              #ifndef __bool_true_false_are_defined
|               "error: __bool_true_false_are_defined is not defined"
|              #endif
| 
|              struct s { _Bool s: 1; _Bool t; } s;
| 
|              char a[true == 1 ? 1 : -1];
|              char b[false == 0 ? 1 : -1];
|              char c[__bool_true_false_are_defined == 1 ? 1 : -1];
|              char d[(bool) 0.5 == true ? 1 : -1];
|              /* See body of main program for 'e'.  */
|              char f[(_Bool) 0.0 == false ? 1 : -1];
|              char g[true];
|              char h[sizeof (_Bool)];
|              char i[sizeof s.t];
|              enum { j = false, k = true, l = false * true, m = true * 256 };
|              /* The following fails for
|                 HP aC++/ANSI C B3910B A.05.55 [Dec 04 2003]. */
|              _Bool n[m];
|              char o[sizeof n == m * sizeof n[0] ? 1 : -1];
|              char p[-1 - (_Bool) 0 < 0 && -1 - (bool) 0 < 0 ? 1 : -1];
|              /* Catch a bug in an HP-UX C compiler.  See
|                 http://gcc.gnu.org/ml/gcc-patches/2003-12/msg02303.html
|                 http://lists.gnu.org/archive/html/bug-coreutils/2005-11/msg00161.html
|               */
|              _Bool q = true;
|              _Bool *pq = &q;
| 
| int
| main ()
| {
| 
|              bool e = &s;
|              *pq |= q;
|              *pq |= ! q;
|              /* Refer to every declared value, to avoid compiler optimizations.  */
|              return (!a + !b + !c + !d + !e + !f + !g + !h + !i + !!j + !k + !!l
|                      + !m + !n + !o + !p + !q + !pq);
| 
|   ;
|   return 0;
| }
configure:4563: result: no
configure:4565: checking for _Bool
configure:4565: g++ -c -g  conftest.cpp >&5
conftest.cpp: In function 'int main()':
conftest.cpp:57:13: error: '_Bool' was not declared in this scope
   57 | if (sizeof (_Bool))
      |             ^~~~~
configure:4565: $? = 1
configure: failed program was:
| /* confdefs.h */
| #define PACKAGE_NAME "stx-btree"
| #define PACKAGE_TARNAME "stx-btree"
| #define PACKAGE_VERSION "0.9"
| #define PACKAGE_STRING "stx-btree 0.9"
| #define PACKAGE_BUGREPORT ""
| #define PACKAGE_URL ""
| #define PACKAGE "stx-btree"
| #define VERSION "0.9"
| #define STDC_HEADERS 1
| #define HAVE_SYS_TYPES_H 1
| #define HAVE_SYS_STAT_H 1
| #define HAVE_STDLIB_H 1
| #define HAVE_STRING_H 1
| #define HAVE_MEMORY_H 1
| #define HAVE_STRINGS_H 1
| #define HAVE_INTTYPES_H 1
| #define HAVE_STDINT_H 1
| #define HAVE_UNISTD_H 1
| /* end confdefs.h.  */
| #include <stdio.h>
| #ifdef HAVE_SYS_TYPES_H
| # include <sys/types.h>
| #endif
| #ifdef HAVE_SYS_STAT_H
| # include <sys/stat.h>
| #endif
| #ifdef STDC_HEADERS
| # include <stdlib.h>
| # include <stddef.h>
| #else
| # ifdef HAVE_STDLIB_H
| #  include <stdlib.h>
| # endif
| #endif
| #ifdef HAVE_STRING_H
| # if !defined STDC_HEADERS && defined HAVE_MEMORY_H
| #  include <memory.h>
| # endif
| # include <string.h>
| #endif
| #ifdef HAVE_STRINGS_H
| # include <strings.h>
| #endif
| #ifdef HAVE_INTTYPES_H
| # include <inttypes.h>
| #endif
| #ifdef HAVE_STDINT_H
| # include <stdint.h>
| #endif
| #ifdef HAVE_UNISTD_H
| # include <unistd.h>
| #endif
| int
| main ()
| {
| if (sizeof (_Bool))
| 	 return 0;
|   ;
|   return 0;
| }
configure:4565: result: no
configure:4582: checking for an ANSI C-conforming const
configure:4648: g++ -c -g  conftest.cpp >&5
configure:4648: $? = 0
configure:4655: result: yes
configure:4663: checking for inline
configure:4679: g++ -c -g  conftest.cpp >&5
configure:4679: $? = 0
configure:4687: result: inline
configure:4705: checking for size_t
configure:4705: g++ -c -g  conftest.cpp >&5
configure:4705: $? = 0
configure:4705: g++ -c -g  conftest.cpp >&5
conftest.cpp: In function 'int main()':
conftest.cpp:57:20: error: expected primary-expression before ')' token
   57 | if (sizeof ((size_t)))
      |                    ^
configure:4705: $? = 1
configure: failed program was:
| /* confdefs.h */
| #define PACKAGE_NAME "stx-btree"
| #define PACKAGE_TARNAME "stx-btree"
| #define PACKAGE_VERSION "0.9"
| #define PACKAGE_STRING "stx-btree 0.9"
| #define PACKAGE_BUGREPORT ""
| #define PACKAGE_URL ""
| #define PACKAGE "stx-btree"
| #define VERSION "0.9"
| #define STDC_HEADERS 1
| #define HAVE_SYS_TYPES_H 1
| #define HAVE_SYS_STAT_H 1
| #define HAVE_STDLIB_H 1
| #define HAVE_STRING_H 1
| #define HAVE_MEMORY_H 1
| #define HAVE_STRINGS_H 1
| #define HAVE_INTTYPES_H 1
| #define HAVE_STDINT_H 1
| #define HAVE_UNISTD_H 1
| /* end confdefs.h.  */
| #include <stdio.h>
| #ifdef HAVE_SYS_TYPES_H
| # include <sys/types.h>
| #endif
| #ifdef HAVE_SYS_STAT_H
| # include <sys/stat.h>
| #endif
| #ifdef STDC_HEADERS
| # include <stdlib.h>
| # include <stddef.h>
| #else
| # ifdef HAVE_STDLIB_H
| #  include <stdlib.h>
| # endif
| #endif
| #ifdef HAVE_STRING_H
| # if !defined STDC_HEADERS && defined HAVE_MEMORY_H
| #  include <memory.h>
| # endif
| # include <string.h>
| #endif
| #ifdef HAVE_STRINGS_H
| # include <strings.h>
| #endif
| #ifdef HAVE_INTTYPES_H
| # include <inttypes.h>
| #endif
| #ifdef HAVE_STDINT_H
| # include <stdint.h>
| #endif
| #ifdef HAVE_UNISTD_H
| # include <unistd.h>
| #endif
| int
| main ()
| {
| if (sizeof ((size_t)))
| 	    return 0;
|   ;
|   return 0;
| }
configure:4705: result: yes
configure:4831: checking for wx-config
configure:4863: result: no
configure:5085: WARNING:
        wxWidgets does not seem to be installed on your system.
        The wxParserDemo will not be built!

        If you think wxWidgets >= 2.6.0 is installed,
        please check that wx-config is in path, the directory
        where wxWidgets libraries are installed (returned by
        'wx-config --libs' command) is in LD_LIBRARY_PATH or
        equivalent variable.
    
configure:5390: creating ./config.status

## ---------------------- ##
## Running config.status. ##
## ---------------------- ##

This file was extended by stx-btree config.status 0.9, which was
generated by GNU Autoconf 2.69.  Invocation command line was

  CONFIG_FILES    = 
  CONFIG_HEADERS  = 
  CONFIG_LINKS    = 
  CONFIG_COMMANDS = 
  $ ./config.status 

on labserver0

config.status:812: creating Makefile
config.status:812: creating include/Makefile
config.status:812: creating testsuite/Makefile
config.status:812: creating speedtest/Makefile
config.status:812: creating memprofile/Makefile
config.status:812: creating wxbtreedemo/Makefile
config.status:984: executing depfiles commands

## ---------------- ##
## Cache variables. ##
## ---------------- ##

ac_cv_build=x86_64-unknown-linux-gnu
ac_cv_c_compiler_gnu=yes
ac_cv_c_const=yes
ac_cv_c_inline=inline
ac_cv_cxx_compiler_gnu=yes
ac_cv_env_CCC_set=
ac_cv_env_CCC_value=
ac_cv_env_CC_set=
ac_cv_env_CC_value=
ac_cv_env_CFLAGS_set=
ac_cv_env_CFLAGS_value=
ac_cv_env_CPPFLAGS_set=
ac_cv_env_CPPFLAGS_value=
ac_cv_env_CXXCPP_set=
ac_cv_env_CXXCPP_value=
ac_cv_env_CXXFLAGS_set=
ac_cv_env_CXXFLAGS_value=
ac_cv_env_CXX_set=
ac_cv_env_CXX_value=
ac_cv_env_LDFLAGS_set=
ac_cv_env_LDFLAGS_value=
ac_cv_env_LIBS_set=
ac_cv_env_LIBS_value=
ac_cv_env_build_alias_set=
ac_cv_env_build_alias_value=
ac_cv_env_host_alias_set=
ac_cv_env_host_alias_value=
ac_cv_env_target_alias_set=
ac_cv_env_target_alias_value=
ac_cv_header_inttypes_h=yes
ac_cv_header_memory_h=yes
ac_cv_header_stdbool_h=no
ac_cv_header_stdc=yes
ac_cv_header_stdint_h=yes
ac_cv_header_stdlib_h=yes
ac_cv_header_string_h=yes
ac_cv_header_strings_h=yes
ac_cv_header_sys_stat_h=yes
ac_cv_header_sys_types_h=yes
ac_cv_header_unistd_h=yes
ac_cv_host=x86_64-unknown-linux-gnu
ac_cv_objext=o
ac_cv_path_EGREP='/usr/bin/grep -E'
ac_cv_path_GREP=/usr/bin/grep
ac_cv_path_WX_CONFIG_PATH=no
ac_cv_path_install='/usr/bin/install -c'
ac_cv_path_mkdir=/usr/bin/mkdir
ac_cv_prog_AWK=mawk
ac_cv_prog_CXXCPP='g++ -E'
ac_cv_prog_ac_ct_CC=gcc
ac_cv_prog_ac_ct_CXX=g++
ac_cv_prog_cc_c89=
ac_cv_prog_cc_g=yes
ac_cv_prog_cxx_g=yes
ac_cv_prog_make_make_set=yes
ac_cv_type__Bool=no
ac_cv_type_size_t=yes
am_cv_CC_dependencies_compiler_type=gcc3
am_cv_CXX_dependencies_compiler_type=gcc3

## ----------------- ##
## Output variables. ##
## ----------------- ##

ACLOCAL='${SHELL} /share/multi-D/grid/stx-btree-0.9/scripts/missing --run aclocal-1.11'
AMDEPBACKSLASH='\'
AMDEP_FALSE='#'
AMDEP_TRUE=''
AMTAR='$${TAR-tar}'
AUTOCONF='${SHELL} /share/multi-D/grid/stx-btree-0.9/scripts/missing --run autoconf'
AUTOHEADER='${SHELL} /share/multi-D/grid/stx-btree-0.9/scripts/missing --run autoheader'
AUTOMAKE='${SHELL} /share/multi-D/grid/stx-btree-0.9/scripts/missing --run automake-1.11'
AWK='mawk'
BUILD_SPEEDTEST_FALSE=''
BUILD_SPEEDTEST_TRUE='#'
CC='gcc'
CCDEPMODE='depmode=gcc3'
CFLAGS='-g'
CPPFLAGS=''
CXX='g++'
CXXCPP='g++ -E'
CXXDEPMODE='depmode=gcc3'
CXXFLAGS='-g'
CYGPATH_W='echo'
DEFS='-DPACKAGE_NAME=\"stx-btree\" -DPACKAGE_TARNAME=\"stx-btree\" -DPACKAGE_VERSION=\"0.9\" -DPACKAGE_STRING=\"stx-btree\ 0.9\" -DPACKAGE_BUGREPORT=\"\" -DPACKAGE_URL=\"\" -DPACKAGE=\"stx-btree\" -DVERSION=\"0.9\" -DSTDC_HEADERS=1 -DHAVE_SYS_TYPES_H=1 -DHAVE_SYS_STAT_H=1 -DHAVE_STDLIB_H=1 -DHAVE_STRING_H=1 -DHAVE_MEMORY_H=1 -DHAVE_STRINGS_H=1 -DHAVE_INTTYPES_H=1 -DHAVE_STDINT_H=1 -DHAVE_UNISTD_H=1'
DEPDIR='.deps'
ECHO_C=''
ECHO_N='-n'
ECHO_T=''
EGREP='/usr/bin/grep -E'
EXEEXT=''
GCOV_FALSE=''
GCOV_TRUE='#'
GOT_RESCOMP_FALSE=''
GOT_RESCOMP_TRUE='#'
GREP='/usr/bin/grep'
HAVE_WXWIDGETS_FALSE=''
HAVE_WXWIDGETS_TRUE='#'
INSTALL_DATA='${INSTALL} -m 644'
INSTALL_PROGRAM='${INSTALL}'
INSTALL_SCRIPT='${INSTALL}'
INSTALL_STRIP_PROGRAM='$(install_sh) -c -s'
LDFLAGS=''
LIBOBJS=''
LIBS=''
LTLIBOBJS=''
MAINT='#'
MAINTAINER_MODE_FALSE=''
MAINTAINER_MODE_TRUE='#'
MAKEINFO='${SHELL} /share/multi-D/grid/stx-btree-0.9/scripts/missing --run makeinfo'
MKDIR_P='/usr/bin/mkdir -p'
OBJEXT='o'
PACKAGE='stx-btree'
PACKAGE_BUGREPORT=''
PACKAGE_NAME='stx-btree'
PACKAGE_STRING='stx-btree 0.9'
PACKAGE_TARNAME='stx-btree'
PACKAGE_URL=''
PACKAGE_VERSION='0.9'
PATH_SEPARATOR=':'
RESCOMP=''
SET_MAKE=''
SHELL='/bin/bash'
STRIP=''
VERSION='0.9'
WX_CFLAGS=''
WX_CFLAGS_ONLY=''
WX_CONFIG_PATH='no'
WX_CPPFLAGS=''
WX_CXXFLAGS=''
WX_CXXFLAGS_ONLY=''
WX_LIBS=''
WX_LIBS_STATIC=''
WX_RESCOMP=''
WX_VERSION=''
WX_VERSION_MAJOR=''
WX_VERSION_MICRO=''
WX_VERSION_MINOR=''
ac_ct_CC='gcc'
ac_ct_CXX='g++'
am__EXEEXT_FALSE=''
am__EXEEXT_TRUE='#'
am__fastdepCC_FALSE='#'
am__fastdepCC_TRUE=''
am__fastdepCXX_FALSE='#'
am__fastdepCXX_TRUE=''
am__include='include'
am__isrc=''
am__leading_dot='.'
am__nodep='_no'
am__quote=''
am__tar='$${TAR-tar} chof - "$$tardir"'
am__untar='$${TAR-tar} xf -'
bindir='${exec_prefix}/bin'
build='x86_64-unknown-linux-gnu'
build_alias=''
build_cpu='x86_64'
build_os='linux-gnu'
build_vendor='unknown'
datadir='${datarootdir}'
datarootdir='${prefix}/share'
docdir='${datarootdir}/doc/${PACKAGE_TARNAME}'
dvidir='${docdir}'
exec_prefix='${prefix}'
host='x86_64-unknown-linux-gnu'
host_alias=''
host_cpu='x86_64'
host_os='linux-gnu'
host_vendor='unknown'
htmldir='${docdir}'
includedir='${prefix}/include'
infodir='${datarootdir}/info'
install_sh='${SHELL} /share/multi-D/grid/stx-btree-0.9/scripts/install-sh'
libdir='${exec_prefix}/lib'
libexecdir='${exec_prefix}/libexec'
localedir='${datarootdir}/locale'
localstatedir='${prefix}/var'
mandir='${datarootdir}/man'
mkdir_p='/usr/bin/mkdir -p'
oldincludedir='/usr/include'
pdfdir='${docdir}'
prefix='/usr/local'
program_transform_name='s,x,x,'
psdir='${docdir}'
sbindir='${exec_prefix}/sbin'
sharedstatedir='${prefix}/com'
sysconfdir='${prefix}/etc'
target_alias=''

## ----------- ##
## confdefs.h. ##
## ----------- ##

/* confdefs.h */
#define PACKAGE_NAME "stx-btree"
#define PACKAGE_TARNAME "stx-btree"
#define PACKAGE_VERSION "0.9"
#define PACKAGE_STRING "stx-btree 0.9"
#define PACKAGE_BUGREPORT ""
#define PACKAGE_URL ""
#define PACKAGE "stx-btree"
#define VERSION "0.9"
#define STDC_HEADERS 1
#define HAVE_SYS_TYPES_H 1
#define HAVE_SYS_STAT_H 1
#define HAVE_STDLIB_H 1
#define HAVE_STRING_H 1
#define HAVE_MEMORY_H 1
#define HAVE_STRINGS_H 1
#define HAVE_INTTYPES_H 1
#define HAVE_STDINT_H 1
#define HAVE_UNISTD_H 1

configure: exit 0
